<?xml version="1.0" encoding="UTF-8"?>
<!-- Generated by org.testng.reporters.JUnitReportReporter -->
<testsuite skipped="0" hostname="MAVRLT1006" name="com.fabot.tests.LoginTest" tests="1" failures="0" timestamp="02 Jan 2020 15:28:00 GMT" time="13.275" errors="0">
  <testcase name="loginTest" time="13.275" classname="com.fabot.tests.LoginTest"/>
</testsuite> <!-- com.fabot.tests.LoginTest -->
