<?xml version="1.0" encoding="UTF-8"?>
<!-- Generated by org.testng.reporters.JUnitReportReporter -->
<testsuite skipped="0" hostname="MAVRLT1006" name="com.fabot.tests.LoginTest" tests="1" failures="0" timestamp="03 Jan 2020 09:11:43 GMT" time="50.238" errors="0">
  <testcase name="loginTest" time="50.238" classname="com.fabot.tests.LoginTest"/>
</testsuite> <!-- com.fabot.tests.LoginTest -->
